<?xml version="1.0" encoding="UTF-8" ?>
<testsuite failures="0" time="6.611" errors="0" skipped="0" tests="4" name="TestSuite">
  <properties>
[...]
</properties>
  <testcase time="0.386" classname="at.basketballsalzburg.bbstats.AgeGroupServiceTest" name="addAgeGroup"/>
  <testcase time="0.06" classname="at.basketballsalzburg.bbstats.CoachServiceTest" name="addCoach"/>
  <testcase time="0.056" classname="at.basketballsalzburg.bbstats.CoachServiceTest" name="editCoach"/>
  <testcase time="0.092" classname="at.basketballsalzburg.bbstats.GymServiceTest" name="addGym"/>
</testsuite>