<?xml version="1.0" encoding="UTF-8"?>
<testng-results skipped="0" failed="0" total="4" passed="4">
  <reporter-output>
  </reporter-output>
  <suite name="Command line suite" duration-ms="5747" started-at="2011-12-10T15:13:31Z" finished-at="2011-12-10T15:13:37Z">
    <groups>
    </groups>
    <test name="Command line test" duration-ms="5747" started-at="2011-12-10T15:13:31Z" finished-at="2011-12-10T15:13:37Z">
      <class name="at.basketballsalzburg.bbstats.GymServiceTest">
        <test-method status="PASS" signature="springTestContextPrepareTestInstance()" name="springTestContextPrepareTestInstance" is-config="true" duration-ms="11" started-at="2011-12-10T15:13:36Z" depends-on-methods="org.springframework.test.context.testng.AbstractTestNGSpringContextTests.springTestContextBeforeTestClass" finished-at="2011-12-10T15:13:36Z">
        </test-method>
        <test-method status="PASS" signature="springTestContextBeforeTestClass()" name="springTestContextBeforeTestClass" is-config="true" duration-ms="0" started-at="2011-12-10T15:13:36Z" finished-at="2011-12-10T15:13:36Z">
        </test-method>
        <test-method status="PASS" signature="springTestContextBeforeTestMethod(java.lang.reflect.Method)" name="springTestContextBeforeTestMethod" is-config="true" duration-ms="2" started-at="2011-12-10T15:13:36Z" finished-at="2011-12-10T15:13:36Z">
          <params>
            <param index="0">
              <value>
                <![CDATA[public void at.basketballsalzburg.bbstats.GymServiceTest.addGym()]]>
              </value>
            </param>
          </params>
        </test-method>
        <test-method status="PASS" signature="addGym()" name="addGym" duration-ms="92" started-at="2011-12-10T15:13:36Z" finished-at="2011-12-10T15:13:37Z">
        </test-method>
        <test-method status="PASS" signature="springTestContextAfterTestMethod(java.lang.reflect.Method)" name="springTestContextAfterTestMethod" is-config="true" duration-ms="3" started-at="2011-12-10T15:13:37Z" finished-at="2011-12-10T15:13:37Z">
          <params>
            <param index="0">
              <value>
                <![CDATA[public void at.basketballsalzburg.bbstats.GymServiceTest.addGym()]]>
              </value>
            </param>
          </params>
        </test-method>
        <test-method status="PASS" signature="springTestContextAfterTestClass()" name="springTestContextAfterTestClass" is-config="true" duration-ms="0" started-at="2011-12-10T15:13:37Z" finished-at="2011-12-10T15:13:37Z">
        </test-method>
      </class>
      <class name="at.basketballsalzburg.bbstats.CoachServiceTest">
        <test-method status="PASS" signature="springTestContextPrepareTestInstance()" name="springTestContextPrepareTestInstance" is-config="true" duration-ms="17" started-at="2011-12-10T15:13:36Z" depends-on-methods="org.springframework.test.context.testng.AbstractTestNGSpringContextTests.springTestContextBeforeTestClass" finished-at="2011-12-10T15:13:36Z">
        </test-method>
        <test-method status="PASS" signature="springTestContextBeforeTestClass()" name="springTestContextBeforeTestClass" is-config="true" duration-ms="0" started-at="2011-12-10T15:13:36Z" finished-at="2011-12-10T15:13:36Z">
        </test-method>
        <test-method status="PASS" signature="springTestContextBeforeTestMethod(java.lang.reflect.Method)" name="springTestContextBeforeTestMethod" is-config="true" duration-ms="2" started-at="2011-12-10T15:13:36Z" finished-at="2011-12-10T15:13:36Z">
          <params>
            <param index="0">
              <value>
                <![CDATA[public void at.basketballsalzburg.bbstats.CoachServiceTest.addCoach()]]>
              </value>
            </param>
          </params>
        </test-method>
        <test-method status="PASS" signature="addCoach()" name="addCoach" duration-ms="60" started-at="2011-12-10T15:13:36Z" finished-at="2011-12-10T15:13:36Z">
        </test-method>
        <test-method status="PASS" signature="springTestContextAfterTestMethod(java.lang.reflect.Method)" name="springTestContextAfterTestMethod" is-config="true" duration-ms="5" started-at="2011-12-10T15:13:36Z" finished-at="2011-12-10T15:13:36Z">
          <params>
            <param index="0">
              <value>
                <![CDATA[public void at.basketballsalzburg.bbstats.CoachServiceTest.addCoach()]]>
              </value>
            </param>
          </params>
        </test-method>
        <test-method status="PASS" signature="springTestContextBeforeTestMethod(java.lang.reflect.Method)" name="springTestContextBeforeTestMethod" is-config="true" duration-ms="3" started-at="2011-12-10T15:13:36Z" finished-at="2011-12-10T15:13:36Z">
          <params>
            <param index="0">
              <value>
                <![CDATA[public void at.basketballsalzburg.bbstats.CoachServiceTest.editCoach()]]>
              </value>
            </param>
          </params>
        </test-method>
        <test-method status="PASS" signature="editCoach()" name="editCoach" duration-ms="56" started-at="2011-12-10T15:13:36Z" finished-at="2011-12-10T15:13:36Z">
        </test-method>
        <test-method status="PASS" signature="springTestContextAfterTestMethod(java.lang.reflect.Method)" name="springTestContextAfterTestMethod" is-config="true" duration-ms="13" started-at="2011-12-10T15:13:36Z" finished-at="2011-12-10T15:13:36Z">
          <params>
            <param index="0">
              <value>
                <![CDATA[public void at.basketballsalzburg.bbstats.CoachServiceTest.editCoach()]]>
              </value>
            </param>
          </params>
        </test-method>
        <test-method status="PASS" signature="springTestContextAfterTestClass()" name="springTestContextAfterTestClass" is-config="true" duration-ms="12" started-at="2011-12-10T15:13:36Z" finished-at="2011-12-10T15:13:36Z">
        </test-method>
      </class>
      <class name="at.basketballsalzburg.bbstats.AgeGroupServiceTest">
        <test-method status="PASS" signature="springTestContextBeforeTestClass()" name="springTestContextBeforeTestClass" is-config="true" duration-ms="16" started-at="2011-12-10T15:13:31Z" finished-at="2011-12-10T15:13:31Z">
        </test-method>
        <test-method status="PASS" signature="springTestContextPrepareTestInstance()" name="springTestContextPrepareTestInstance" is-config="true" duration-ms="4929" started-at="2011-12-10T15:13:31Z" depends-on-methods="org.springframework.test.context.testng.AbstractTestNGSpringContextTests.springTestContextBeforeTestClass" finished-at="2011-12-10T15:13:36Z">
        </test-method>
        <test-method status="PASS" signature="springTestContextBeforeTestMethod(java.lang.reflect.Method)" name="springTestContextBeforeTestMethod" is-config="true" duration-ms="101" started-at="2011-12-10T15:13:36Z" finished-at="2011-12-10T15:13:36Z">
          <params>
            <param index="0">
              <value>
                <![CDATA[public void at.basketballsalzburg.bbstats.AgeGroupServiceTest.addAgeGroup()]]>
              </value>
            </param>
          </params>
        </test-method>
        <test-method status="PASS" signature="addAgeGroup()" name="addAgeGroup" duration-ms="386" started-at="2011-12-10T15:13:36Z" finished-at="2011-12-10T15:13:36Z">
        </test-method>
        <test-method status="PASS" signature="springTestContextAfterTestMethod(java.lang.reflect.Method)" name="springTestContextAfterTestMethod" is-config="true" duration-ms="8" started-at="2011-12-10T15:13:36Z" finished-at="2011-12-10T15:13:36Z">
          <params>
            <param index="0">
              <value>
                <![CDATA[public void at.basketballsalzburg.bbstats.AgeGroupServiceTest.addAgeGroup()]]>
              </value>
            </param>
          </params>
        </test-method>
        <test-method status="PASS" signature="springTestContextAfterTestClass()" name="springTestContextAfterTestClass" is-config="true" duration-ms="0" started-at="2011-12-10T15:13:36Z" finished-at="2011-12-10T15:13:36Z">
        </test-method>
      </class>
    </test>
  </suite>
</testng-results>
